system          > 
system          > ConTeXt  ver: 2021.09.06 11:47 LMTX  fmt: 2021.9.10  int: english/english
system          > 
system          > 'cont-new.mkxl' loaded
open source     > level 1, order 1, name '/home/dan/bin/context/tex/texmf-context/tex/context/base/mkxl/cont-new.mkxl'
system          > beware: some patches loaded from cont-new.mkiv
close source    > level 1, order 1, name '/home/dan/bin/context/tex/texmf-context/tex/context/base/mkxl/cont-new.mkxl'
system          > files > jobname './q1', input './q1.tex', result './q1'
fonts           > latin modern fonts are not preloaded
languages       > language 'en' is active
open source     > level 1, order 2, name './q1.tex'
modules         > using user prefixed file 'm-ass'
modules         > 'm-ass' is loaded
open source     > level 2, order 3, name 'm-ass.tex'
fonts           > preloading latin modern fonts (third stage)
fonts           > 'fallback modern-designsize rm 11pt' is loaded
close source    > level 2, order 3, name 'm-ass.tex'
modules         > 'newmat' is not found
structure       > sectioning > subject @ level 3 : 0.0.0 -> Question 1 by Dan Nguyen (z5206032)
backend         > xmp > using file '/home/dan/bin/context/tex/texmf-context/tex/context/base/mkiv/lpdf-pdx.xml'
pages           > flushing realpage 1, userpage 1, subpage 1
close source    > level 1, order 3, name './q1.tex'
system          > start used files
system          > text: q1
system          > stop used files
system          > start used files
system          >    1: filename=publ-imp-default.lua filetype=scripts foundname=/home/dan/bin/context/tex/texmf-context/tex/context/base/mkiv/publ-imp-default.lua fullname=/home/dan/bin/context/tex/texmf-context/tex/context/base/mkiv/publ-imp-default.lua usedmethod=database
system          >    2: filename=cont-new.mkxl filetype=tex foundname=/home/dan/bin/context/tex/texmf-context/tex/context/base/mkxl/cont-new.mkxl fullname=/home/dan/bin/context/tex/texmf-context/tex/context/base/mkxl/cont-new.mkxl usedmethod=database
system          >    3: filename=lang-exc.lua filetype=scripts foundname=/home/dan/bin/context/tex/texmf-context/tex/context/base/mkiv/lang-exc.lua fullname=/home/dan/bin/context/tex/texmf-context/tex/context/base/mkiv/lang-exc.lua usedmethod=database
system          >    4: filename=lang-us.lua filetype=scripts foundname=/home/dan/bin/context/tex/texmf-context/tex/context/patterns/mkiv/lang-us.lua fullname=/home/dan/bin/context/tex/texmf-context/tex/context/patterns/mkiv/lang-us.lua usedmethod=database
system          >    5: filename=/mnt/c/Users/Dan/Documents/uni/2021T3/COMP3121/ass2/q1.tex format=tex foundname=/mnt/c/Users/Dan/Documents/uni/2021T3/COMP3121/ass2/q1.tex fullname=/mnt/c/Users/Dan/Documents/uni/2021T3/COMP3121/ass2/q1.tex usedmethod=direct
system          >    6: filename=m-ass.tex format=tex foundname=m-ass.tex fullname=/mnt/c/Users/Dan/Documents/uni/2021T3/COMP3121/ass2/m-ass.tex usedmethod=direct
system          >    7: filename=lm.lfg filetype=tex foundname=/home/dan/bin/context/tex/texmf-context/tex/context/fonts/mkiv/lm.lfg fullname=/home/dan/bin/context/tex/texmf-context/tex/context/fonts/mkiv/lm.lfg usedmethod=database
system          >    8: filename=lmroman10-regular filetype=otf format=otf foundname=/home/dan/bin/context/tex/texmf/fonts/opentype/public/lm/lmroman10-regular.otf fullname=/home/dan/bin/context/tex/texmf/fonts/opentype/public/lm/lmroman10-regular.otf usedmethod=database
system          >    9: filename=latinmodern-math.otf filetype=opentypefonts foundname=/home/dan/bin/context/tex/texmf/fonts/opentype/public/lm-math/latinmodern-math.otf fullname=/home/dan/bin/context/tex/texmf/fonts/opentype/public/lm-math/latinmodern-math.otf usedmethod=database
system          >   10: filename=lmroman9-regular filetype=otf format=otf foundname=/home/dan/bin/context/tex/texmf/fonts/opentype/public/lm/lmroman9-regular.otf fullname=/home/dan/bin/context/tex/texmf/fonts/opentype/public/lm/lmroman9-regular.otf usedmethod=database
system          >   11: filename=lpdf-pdx.xml filetype=tex foundname=/home/dan/bin/context/tex/texmf-context/tex/context/base/mkiv/lpdf-pdx.xml fullname=/home/dan/bin/context/tex/texmf-context/tex/context/base/mkiv/lpdf-pdx.xml usedmethod=database
system          > stop used files
system          > start commandline options
system          > currentrun="1"
system          > fulljobname="./q1.tex"
system          > input="./q1.tex"
system          > kindofrun="1"
system          > maxnofruns="9"
system          > texmfbinpath="/home/dan/bin/context/tex/texmf-linux-64/bin"
system          > stop commandline options
system          > start commandline files
system          >    1: ./q1.tex
system          > stop commandline files
modules         > start used modules
modules         > loaded : *-m-ass
modules         > missing: *-newmat
modules         > stop used modules
system          > 
system          > status after finishing run
system          > 
system          >   -----------------------------------------------------------------------------------------------------------------------------------------------------------------------------------
system          >           string       pool       hash     lookup       node      token     buffer      input       file       nest  parameter       save       font   language       mark     insert
system          >   -----------------------------------------------------------------------------------------------------------------------------------------------------------------------------------
system          >   max    2097152  100000000    2097152    2097152   50000000   10000000  100000000     100000       2000      10000     100000     500000     100000      10000      10000        500
system          >   min     150000   10000000     150000     150000    1000000    1000000    1000000      10000        500       1000      20000     100000        250        250         50         10
system          >   set     500000   10000000     250000     250000   50000000   10000000   10000000     100000       2000      10000     100000     500000     100000        250        250        250
system          >   stp     100000    1000000     100000     100000     500000     250000    1000000      10000        250       1000      10000      10000        250        250         50         25
system          > 
system          >   mem     150000     898644     150000               1000000    1000000    1000000      10000        500       1000      20000      10000    8577216         96       1200        240
system          >   all    2400000     898644    2400000               9000000    8000000    1000000     320000      16000      48000      80000     160000    8577216         96      28800       5760
system          > 
system          >   ini    2141741     841247          0      44572          0     490225                                                                                       0                      
system          >   ptr      46338                  9073      46321                525503          0          0          0          0          0          0         15          0          0          7
system          >   top      46339                740039     131074      18238     541576        365         50          6         12         48        312        250        250         50         10
system          >   -----------------------------------------------------------------------------------------------------------------------------------------------------------------------------------
system          > 
system          >   current input type    : initial
system          > 
system          >   approximate memory    : 35214564 (33 MB)
system          > 
system          >   expansion depth       : min: 10000, max: 1000000, set: 10000, top: 10
system          > 
system          >   luabytecode registers : 998
system          >   luabytecode bytes     : 15984 (0 MB)
system          >   luastate bytes now    : 58750993 (56 MB)
system          >   luastate bytes max    : 58750993 (56 MB)
system          > 
system          >   file callbacks        : 83
system          >   saved callbacks       : 291
system          >   direct callbacks      : 2
system          >   function callbacks    : 1106
system          >   value callbacks       : 1
system          >   message callbacks     : 0
system          >   bytecode callbacks    : 598
system          > 
system          >   mp instances          : 0
system          >   mp estimated memory   : 0 (0 MB)
system          >   mp file callbacks     : 0
system          >   mp text callbacks     : 0
system          >   mp script callbacks   : 0
system          >   mp log callbacks      : 0
system          > 
system          >   total callbacks       : 2081
system          >   mp total callbacks    : 0
system          >   backend callbacks     : 0
system          > 
mkiv lua stats  > used config file: selfautoparent:/texmf/web2c/texmfcnf.lua
mkiv lua stats  > used cache path: /home/dan/bin/context/tex/texmf-cache/luametatex-cache/context/5fe67e0bfe781ce0dde776fb1556f32e
mkiv lua stats  > resource resolver: loadtime 0.000 seconds, 0 scans with scantime 0.000 seconds, 0 shared scans, 11 found files, scanned paths: <none>
mkiv lua stats  > stored bytecode data: 498 modules (0.266 sec), 100 tables (0.031 sec), 598 chunks (0.297 sec)
mkiv lua stats  > traced context: maxstack: 1595, freed: 0, unreachable: 1595
mkiv lua stats  > cleaned up reserved nodes: 69 nodes, 9 lists of 434
mkiv lua stats  > node memory usage: 10 attribute, 4 attribute_list, 1 glue, 59 glue_spec, 3 kern, 2 penalty, 2 temp
mkiv lua stats  > node list callback tasks: 10 unique task lists, 10 instances (re)created, 134 calls
mkiv lua stats  > used backend: pdf (backend for directly generating pdf output)
mkiv lua stats  > jobdata time: 0.000 seconds saving, 0.000 seconds loading
mkiv lua stats  > callbacks: file: 83, saved: 291, direct: 2, function: 1106, value: 1, message: 0, bytecode: 598, late 0, total: 2081 (2081 per page)
mkiv lua stats  > randomizer: resumed with value 0.91653255298344
mkiv lua stats  > loaded tex modules: 2 requested, 1 found (*-m-ass), 1 missing (*-newmat)
mkiv lua stats  > loaded patterns: en::1, load time: 0.000
mkiv lua stats  > loaded fonts: 3 files: latinmodern-math.otf, lmroman10-regular.otf, lmroman9-regular.otf
mkiv lua stats  > font engine: otf 3.119, afm 1.513, tfm 1.000, 15 instances, 10 shared in backend, 3 common vectors, 7 common hashes, load time 0.297 seconds 
mkiv lua stats  > font embedding time: 0.016 seconds, 3 fonts
mkiv lua stats  > result saved in file: q1.pdf, compresslevel 1, objectcompresslevel 3
mkiv lua stats  > positions: 4 collected, 0 deltas, 0 shared partials, 0 partial entries
mkiv lua stats  > used platform: linux-64, type: unix, binary subtree: texmf-linux-64
mkiv lua stats  > used engine: luametatex version: 2.0921, functionality level: 20210903, format id: 594, compiler: gcc
mkiv lua stats  > tex properties: 740039 hash slots used of 2097152, 46321 control sequences, approximate memory usage: 33 MB
mkiv lua stats  > lua properties: engine: lua 5.4, used memory: 58 MB, ctx: 56 MB, max: 56 MB, symbol mask: utf (τεχ)
mkiv lua stats  > runtime: 0.939 seconds, 1 processed pages, 1 shipped pages, 1.066 pages/second
