system          > 
system          > ConTeXt  ver: 2021.09.06 11:47 LMTX  fmt: 2021.9.10  int: english/english
system          > 
system          > 'cont-new.mkxl' loaded
open source     > level 1, order 1, name '/home/dan/bin/context/tex/texmf-context/tex/context/base/mkxl/cont-new.mkxl'
system          > beware: some patches loaded from cont-new.mkiv
close source    > level 1, order 1, name '/home/dan/bin/context/tex/texmf-context/tex/context/base/mkxl/cont-new.mkxl'
system          > files > jobname './q5', input './q5.tex', result './q5'
fonts           > latin modern fonts are not preloaded
languages       > language 'en' is active
open source     > level 1, order 2, name './q5.tex'
modules         > using user prefixed file 'm-ass1'
modules         > 'm-ass1' is loaded
open source     > level 2, order 3, name 'm-ass1.tex'
fonts           > preloading latin modern fonts (third stage)
fonts           > 'fallback modern-designsize rm 11pt' is loaded
close source    > level 2, order 3, name 'm-ass1.tex'
modules         > 'newmat' is not found
structure       > sectioning > subject @ level 3 : 0.0.0 -> Question 5 by Dan Nguyen (z5206032)
structure       > sectioning > subsubject @ level 4 : 0.0.0.0 -> Part A
structure       > sectioning > subsubsubject @ level 5 : 0.0.0.0.0 -> Theorem 1
backend         > xmp > using file '/home/dan/bin/context/tex/texmf-context/tex/context/base/mkiv/lpdf-pdx.xml'
pages           > flushing realpage 1, userpage 1, subpage 1
suggestion      > use \withcircumflex instead of \^
characters      > instead of old school 'ô' you can input the utf sequence ô
structure       > sectioning > subsubsubject @ level 5 : 0.0.0.0.0 -> Theorem 2
structure       > sectioning > subsubsubject @ level 5 : 0.0.0.0.0 -> Case
pages           > flushing realpage 2, userpage 2, subpage 2
structure       > sectioning > subsubject @ level 4 : 0.0.0.0 -> Part B
structure       > sectioning > subsubsubject @ level 5 : 0.0.0.0.0 -> Theorem 1
structure       > sectioning > subsubsubject @ level 5 : 0.0.0.0.0 -> Theorem 2
pages           > flushing realpage 3, userpage 3, subpage 3
structure       > sectioning > subsubsubject @ level 5 : 0.0.0.0.0 -> Case
structure       > sectioning > subsubject @ level 4 : 0.0.0.0 -> Part C
structure       > sectioning > subsubject @ level 4 : 0.0.0.0 -> Theorem 1
pages           > flushing realpage 4, userpage 4, subpage 4
structure       > sectioning > subsubject @ level 4 : 0.0.0.0 -> Theorem 2
structure       > sectioning > subsubject @ level 4 : 0.0.0.0 -> Case
pages           > flushing realpage 5, userpage 5, subpage 5
structures      > begin of sectionblock 'appendix'
structure       > sectioning > chapter @ level 2 : 0.1 -> Part C - $f(n)/g(n)$ simplification
pages           > flushing realpage 6, userpage 6, subpage 6
structure       > sectioning > chapter @ level 2 : 0.2 -> Part C - $g(n)/f(n)$ simplification
structures      > end of sectionblock 'appendix'
pages           > flushing realpage 7, userpage 7, subpage 7
close source    > level 1, order 3, name './q5.tex'
system          > start used files
system          > text: q5
system          > stop used files
system          > start used files
system          >    1: filename=publ-imp-default.lua filetype=scripts foundname=/home/dan/bin/context/tex/texmf-context/tex/context/base/mkiv/publ-imp-default.lua fullname=/home/dan/bin/context/tex/texmf-context/tex/context/base/mkiv/publ-imp-default.lua usedmethod=database
system          >    2: filename=cont-new.mkxl filetype=tex foundname=/home/dan/bin/context/tex/texmf-context/tex/context/base/mkxl/cont-new.mkxl fullname=/home/dan/bin/context/tex/texmf-context/tex/context/base/mkxl/cont-new.mkxl usedmethod=database
system          >    3: filename=lang-exc.lua filetype=scripts foundname=/home/dan/bin/context/tex/texmf-context/tex/context/base/mkiv/lang-exc.lua fullname=/home/dan/bin/context/tex/texmf-context/tex/context/base/mkiv/lang-exc.lua usedmethod=database
system          >    4: filename=lang-us.lua filetype=scripts foundname=/home/dan/bin/context/tex/texmf-context/tex/context/patterns/mkiv/lang-us.lua fullname=/home/dan/bin/context/tex/texmf-context/tex/context/patterns/mkiv/lang-us.lua usedmethod=database
system          >    5: filename=/mnt/c/Users/Dan/Documents/uni/2021T3/COMP3121/ass1/q5.tex format=tex foundname=/mnt/c/Users/Dan/Documents/uni/2021T3/COMP3121/ass1/q5.tex fullname=/mnt/c/Users/Dan/Documents/uni/2021T3/COMP3121/ass1/q5.tex usedmethod=direct
system          >    6: filename=m-ass1.tex format=tex foundname=m-ass1.tex fullname=/mnt/c/Users/Dan/Documents/uni/2021T3/COMP3121/ass1/m-ass1.tex usedmethod=direct
system          >    7: filename=lm.lfg filetype=tex foundname=/home/dan/bin/context/tex/texmf-context/tex/context/fonts/mkiv/lm.lfg fullname=/home/dan/bin/context/tex/texmf-context/tex/context/fonts/mkiv/lm.lfg usedmethod=database
system          >    8: filename=lmroman10-regular filetype=otf format=otf foundname=/home/dan/bin/context/tex/texmf/fonts/opentype/public/lm/lmroman10-regular.otf fullname=/home/dan/bin/context/tex/texmf/fonts/opentype/public/lm/lmroman10-regular.otf usedmethod=database
system          >    9: filename=latinmodern-math.otf filetype=opentypefonts foundname=/home/dan/bin/context/tex/texmf/fonts/opentype/public/lm-math/latinmodern-math.otf fullname=/home/dan/bin/context/tex/texmf/fonts/opentype/public/lm-math/latinmodern-math.otf usedmethod=database
system          >   10: filename=lmroman9-regular filetype=otf format=otf foundname=/home/dan/bin/context/tex/texmf/fonts/opentype/public/lm/lmroman9-regular.otf fullname=/home/dan/bin/context/tex/texmf/fonts/opentype/public/lm/lmroman9-regular.otf usedmethod=database
system          >   11: filename=lpdf-pdx.xml filetype=tex foundname=/home/dan/bin/context/tex/texmf-context/tex/context/base/mkiv/lpdf-pdx.xml fullname=/home/dan/bin/context/tex/texmf-context/tex/context/base/mkiv/lpdf-pdx.xml usedmethod=database
system          > stop used files
system          > start commandline options
system          > currentrun="1"
system          > fulljobname="./q5.tex"
system          > input="./q5.tex"
system          > kindofrun="1"
system          > maxnofruns="9"
system          > texmfbinpath="/home/dan/bin/context/tex/texmf-linux-64/bin"
system          > stop commandline options
system          > start commandline files
system          >    1: ./q5.tex
system          > stop commandline files
modules         > start used modules
modules         > loaded : *-m-ass1
modules         > missing: *-newmat
modules         > stop used modules
system          > 
system          > status after finishing run
system          > 
system          >   -----------------------------------------------------------------------------------------------------------------------------------------------------------------------------------
system          >           string       pool       hash     lookup       node      token     buffer      input       file       nest  parameter       save       font   language       mark     insert
system          >   -----------------------------------------------------------------------------------------------------------------------------------------------------------------------------------
system          >   max    2097152  100000000    2097152    2097152   50000000   10000000  100000000     100000       2000      10000     100000     500000     100000      10000      10000        500
system          >   min     150000   10000000     150000     150000    1000000    1000000    1000000      10000        500       1000      20000     100000        250        250         50         10
system          >   set     500000   10000000     250000     250000   50000000   10000000   10000000     100000       2000      10000     100000     500000     100000        250        250        250
system          >   stp     100000    1000000     100000     100000     500000     250000    1000000      10000        250       1000      10000      10000        250        250         50         25
system          > 
system          >   mem     150000     899265     150000               1000000    1000000    1000000      10000        500       1000      20000      10000   12841552         96       1200        240
system          >   all    2400000     899265    2400000               9000000    8000000    1000000     320000      16000      48000      80000     160000   12841552         96      28800       5760
system          > 
system          >   ini    2141741     841247          0      44572          0     490225                                                                                       0                      
system          >   ptr      46374                  9091      46357                538664          0          0          0          0          0          0         22          0          0          7
system          >   top      46375                740039     131074      35261     541580        433         48          6         14         48        312        250        250         50         10
system          >   -----------------------------------------------------------------------------------------------------------------------------------------------------------------------------------
system          > 
system          >   current input type    : initial
system          > 
system          >   approximate memory    : 39744225 (37 MB)
system          > 
system          >   expansion depth       : min: 10000, max: 1000000, set: 10000, top: 10
system          > 
system          >   luabytecode registers : 998
system          >   luabytecode bytes     : 15984 (0 MB)
system          >   luastate bytes now    : 72126169 (68 MB)
system          >   luastate bytes max    : 72126169 (68 MB)
system          > 
system          >   file callbacks        : 347
system          >   saved callbacks       : 2316
system          >   direct callbacks      : 2
system          >   function callbacks    : 2390
system          >   value callbacks       : 7
system          >   message callbacks     : 0
system          >   bytecode callbacks    : 598
system          > 
system          >   mp instances          : 0
system          >   mp estimated memory   : 0 (0 MB)
system          >   mp file callbacks     : 0
system          >   mp text callbacks     : 0
system          >   mp script callbacks   : 0
system          >   mp log callbacks      : 0
system          > 
system          >   total callbacks       : 5660
system          >   mp total callbacks    : 0
system          >   backend callbacks     : 0
system          > 
mkiv lua stats  > used config file: selfautoparent:/texmf/web2c/texmfcnf.lua
mkiv lua stats  > used cache path: /home/dan/bin/context/tex/texmf-cache/luametatex-cache/context/5fe67e0bfe781ce0dde776fb1556f32e
mkiv lua stats  > resource resolver: loadtime 0.016 seconds, 0 scans with scantime 0.000 seconds, 0 shared scans, 11 found files, scanned paths: <none>
mkiv lua stats  > stored bytecode data: 498 modules (0.203 sec), 100 tables (0.016 sec), 598 chunks (0.219 sec)
mkiv lua stats  > traced context: maxstack: 1595, freed: 0, unreachable: 1595
mkiv lua stats  > cleaned up reserved nodes: 69 nodes, 10 lists of 434
mkiv lua stats  > node memory usage: 58 attribute, 20 attribute_list, 2 glue, 59 glue_spec, 3 kern, 3 penalty, 2 temp
mkiv lua stats  > node list callback tasks: 10 unique task lists, 10 instances (re)created, 1250 calls
mkiv lua stats  > h-node processing time: 0.016 seconds including kernel
mkiv lua stats  > driver time: 0.062 seconds 
mkiv lua stats  > used backend: pdf (backend for directly generating pdf output)
mkiv lua stats  > jobdata time: 0.000 seconds saving, 0.000 seconds loading
mkiv lua stats  > callbacks: file: 347, saved: 2316, direct: 2, function: 2390, value: 7, message: 0, bytecode: 598, late 0, total: 5660 (809 per page)
mkiv lua stats  > randomizer: resumed with value 0.074071779544574
mkiv lua stats  > v-node processing time: 0.016 seconds 
mkiv lua stats  > loaded tex modules: 2 requested, 1 found (*-m-ass1), 1 missing (*-newmat)
mkiv lua stats  > loaded patterns: en::1, load time: 0.000
mkiv lua stats  > loaded fonts: 3 files: latinmodern-math.otf, lmroman10-regular.otf, lmroman9-regular.otf
mkiv lua stats  > font engine: otf 3.119, afm 1.513, tfm 1.000, 22 instances, 17 shared in backend, 3 common vectors, 14 common hashes, load time 0.422 seconds 
mkiv lua stats  > math processing time: 0.031 seconds 
mkiv lua stats  > font embedding time: 0.016 seconds, 3 fonts
mkiv lua stats  > result saved in file: q5.pdf, compresslevel 1, objectcompresslevel 3
mkiv lua stats  > positions: 4 collected, 0 deltas, 0 shared partials, 0 partial entries
mkiv lua stats  > used platform: linux-64, type: unix, binary subtree: texmf-linux-64
mkiv lua stats  > used engine: luametatex version: 2.0921, functionality level: 20210903, format id: 594, compiler: gcc
mkiv lua stats  > tex properties: 740039 hash slots used of 2097152, 46357 control sequences, approximate memory usage: 37 MB
mkiv lua stats  > lua properties: engine: lua 5.4, used memory: 71 MB, ctx: 68 MB, max: 68 MB, symbol mask: utf (τεχ)
mkiv lua stats  > runtime: 1.471 seconds, 7 processed pages, 7 shipped pages, 4.759 pages/second
